HTTP/1.1 200 OK
Server: nginx/1.10.3 (Ubuntu)
Date: Mon, 17 Aug 2020 10:10:32 GMT
Content-Type: application/json
Transfer-Encoding: chunked
Connection: keep-alive
X-Okapi-Trace: GET mod-authtoken-2.5.1 http://193.30.112.62:9171/instance-note-types.. : 202 61870us
X-Okapi-Trace: GET mod-inventory-storage-19.3.1 http://193.30.112.62:9133/instance-note-types.. : 200 22617us

{
  "instanceNoteTypes" : [ {
    "id" : "06489647-c7b7-4b6c-878a-cb7c1178e9ca",
    "name" : "Study Program Information note",
    "source" : "folio",
    "metadata" : {
      "createdDate" : "2020-08-10T14:55:39.871+0000",
      "updatedDate" : "2020-08-10T14:55:39.871+0000"
    }
  }, {
    "id" : "49475f04-35ef-4f8a-aa7f-92773594ca76",
    "name" : "Issuing Body note",
    "source" : "folio",
    "metadata" : {
      "createdDate" : "2020-08-10T14:55:39.882+0000",
      "updatedDate" : "2020-08-10T14:55:39.882+0000"
    }
  }, {
    "id" : "72c611ab-f353-4c09-a0cc-33ff96cc3bef",
    "name" : "Scale note for graphic material",
    "source" : "folio",
    "metadata" : {
      "createdDate" : "2020-08-10T14:55:39.891+0000",
      "updatedDate" : "2020-08-10T14:55:39.891+0000"
    }
  }, {
    "id" : "1d51e8b2-dee7-43f5-983c-a40757b9cdfa",
    "name" : "Additional Physical Form Available note",
    "source" : "folio",
    "metadata" : {
      "createdDate" : "2020-08-10T14:55:39.902+0000",
      "updatedDate" : "2020-08-10T14:55:39.902+0000"
    }
  }, {
    "id" : "9f08c9b7-500a-43e0-b00f-ba02396b198f",
    "name" : "Creation / Production Credits note",
    "source" : "folio",
    "metadata" : {
      "createdDate" : "2020-08-10T14:55:39.914+0000",
      "updatedDate" : "2020-08-10T14:55:39.914+0000"
    }
  }, {
    "id" : "09812302-92f7-497e-9120-ed25de458ea5",
    "name" : "Preferred Citation of Described Materials note",
    "source" : "folio",
    "metadata" : {
      "createdDate" : "2020-08-10T14:55:39.928+0000",
      "updatedDate" : "2020-08-10T14:55:39.928+0000"
    }
  }, {
    "id" : "265c4910-3997-4242-9269-6a4a2e91392b",
    "name" : "Local notes",
    "source" : "folio",
    "metadata" : {
      "createdDate" : "2020-08-10T14:55:39.939+0000",
      "updatedDate" : "2020-08-10T14:55:39.939+0000"
    }
  }, {
    "id" : "66ea8f28-d5da-426a-a7c9-739a5d676347",
    "name" : "Source of Description note",
    "source" : "folio",
    "metadata" : {
      "createdDate" : "2020-08-10T14:55:39.952+0000",
      "updatedDate" : "2020-08-10T14:55:39.952+0000"
    }
  }, {
    "id" : "ec9f8285-6bf9-4e6c-a3cb-38ef17f0317f",
    "name" : "Copy and Version Identification note",
    "source" : "folio",
    "metadata" : {
      "createdDate" : "2020-08-10T14:55:39.965+0000",
      "updatedDate" : "2020-08-10T14:55:39.965+0000"
    }
  }, {
    "id" : "c636881b-8927-4480-ad1b-8d7b27b4bbfe",
    "name" : "Biographical or Historical Data",
    "source" : "folio",
    "metadata" : {
      "createdDate" : "2020-08-10T14:55:39.976+0000",
      "updatedDate" : "2020-08-10T14:55:39.976+0000"
    }
  }, {
    "id" : "922fdcde-952d-45c2-b9ea-5fc8959ad116",
    "name" : "Target Audience note",
    "source" : "folio",
    "metadata" : {
      "createdDate" : "2020-08-10T14:55:39.986+0000",
      "updatedDate" : "2020-08-10T14:55:39.986+0000"
    }
  }, {
    "id" : "c6340b85-d048-426a-89aa-163cfb801a56",
    "name" : "Location of Originals / Duplicates note",
    "source" : "folio",
    "metadata" : {
      "createdDate" : "2020-08-10T14:55:39.999+0000",
      "updatedDate" : "2020-08-10T14:55:39.999+0000"
    }
  }, {
    "id" : "95f62ca7-5df5-4a51-9890-d0ec3a34665f",
    "name" : "System Details note",
    "source" : "folio",
    "metadata" : {
      "createdDate" : "2020-08-10T14:55:40.012+0000",
      "updatedDate" : "2020-08-10T14:55:40.012+0000"
    }
  }, {
    "id" : "1c017b8d-c783-4f63-b620-079f7a5b9c07",
    "name" : "Action note",
    "source" : "folio",
    "metadata" : {
      "createdDate" : "2020-08-10T14:55:40.021+0000",
      "updatedDate" : "2020-08-10T14:55:40.021+0000"
    }
  }, {
    "id" : "aecfda7a-e8aa-46d6-9046-9b0b8c231b85",
    "name" : "Supplement note",
    "source" : "folio",
    "metadata" : {
      "createdDate" : "2020-08-10T14:55:40.030+0000",
      "updatedDate" : "2020-08-10T14:55:40.030+0000"
    }
  }, {
    "id" : "28e12ad3-4a8d-48cc-b56c-a5ded22fc844",
    "name" : "Geographic Coverage note",
    "source" : "folio",
    "metadata" : {
      "createdDate" : "2020-08-10T14:55:40.040+0000",
      "updatedDate" : "2020-08-10T14:55:40.040+0000"
    }
  }, {
    "id" : "6a2533a7-4de2-4e64-8466-074c2fa9308c",
    "name" : "General note",
    "source" : "folio",
    "metadata" : {
      "createdDate" : "2020-08-10T14:55:40.051+0000",
      "updatedDate" : "2020-08-10T14:55:40.051+0000"
    }
  }, {
    "id" : "f677d908-69c6-4450-94a6-abbcf94a1ee5",
    "name" : "Terms Governing Use and Reproduction note",
    "source" : "folio",
    "metadata" : {
      "createdDate" : "2020-08-10T14:55:40.062+0000",
      "updatedDate" : "2020-08-10T14:55:40.062+0000"
    }
  }, {
    "id" : "806cb024-80d2-47c2-8bbf-b91091c85f68",
    "name" : "Former Title Complexity note",
    "source" : "folio",
    "metadata" : {
      "createdDate" : "2020-08-10T14:55:40.073+0000",
      "updatedDate" : "2020-08-10T14:55:40.073+0000"
    }
  }, {
    "id" : "779c22a2-311c-4ebb-b71e-b246c7ee574d",
    "name" : "Linking Entry Complexity note",
    "source" : "folio",
    "metadata" : {
      "createdDate" : "2020-08-10T14:55:40.084+0000",
      "updatedDate" : "2020-08-10T14:55:40.084+0000"
    }
  }, {
    "id" : "b73cc9c2-c9fa-49aa-964f-5ae1aa754ecd",
    "name" : "Dissertation note",
    "source" : "folio",
    "metadata" : {
      "createdDate" : "2020-08-10T14:55:40.094+0000",
      "updatedDate" : "2020-08-10T14:55:40.094+0000"
    }
  }, {
    "id" : "42be8949-6f69-4c55-874b-60b744ac1103",
    "name" : "Original Version note",
    "source" : "folio",
    "metadata" : {
      "createdDate" : "2020-08-10T14:55:40.105+0000",
      "updatedDate" : "2020-08-10T14:55:40.105+0000"
    }
  }, {
    "id" : "794f19f1-d00b-4b4b-97e9-0de5a34495a0",
    "name" : "Cartographic Mathematical Data",
    "source" : "folio",
    "metadata" : {
      "createdDate" : "2020-08-10T14:55:40.115+0000",
      "updatedDate" : "2020-08-10T14:55:40.115+0000"
    }
  }, {
    "id" : "1cb8ac76-01fa-49be-8b9c-fcdaf17458a5",
    "name" : "Entity and Attribute Information note",
    "source" : "folio",
    "metadata" : {
      "createdDate" : "2020-08-10T14:55:40.126+0000",
      "updatedDate" : "2020-08-10T14:55:40.126+0000"
    }
  }, {
    "id" : "7356cde5-ec6b-4961-9cb0-961c48a37af4",
    "name" : "Language note",
    "source" : "folio",
    "metadata" : {
      "createdDate" : "2020-08-10T14:55:40.137+0000",
      "updatedDate" : "2020-08-10T14:55:40.137+0000"
    }
  }, {
    "id" : "1c7acba3-523d-4237-acd2-e88549bfc660",
    "name" : "Accumulation and Frequency of Use note",
    "source" : "folio",
    "metadata" : {
      "createdDate" : "2020-08-10T14:55:40.149+0000",
      "updatedDate" : "2020-08-10T14:55:40.149+0000"
    }
  }, {
    "id" : "7929eee7-6822-4199-8df4-bb2ae773e4cd",
    "name" : "Data quality note",
    "source" : "folio",
    "metadata" : {
      "createdDate" : "2020-08-10T14:55:40.161+0000",
      "updatedDate" : "2020-08-10T14:55:40.161+0000"
    }
  }, {
    "id" : "02b5b0c6-3375-4912-ac75-ad9f552362b2",
    "name" : "Methodology note",
    "source" : "folio",
    "metadata" : {
      "createdDate" : "2020-08-10T14:55:40.172+0000",
      "updatedDate" : "2020-08-10T14:55:40.172+0000"
    }
  }, {
    "id" : "13047c94-7d2c-4c41-9658-abacfa97a5c8",
    "name" : "Information About Documentation note",
    "source" : "folio",
    "metadata" : {
      "createdDate" : "2020-08-10T14:55:40.183+0000",
      "updatedDate" : "2020-08-10T14:55:40.183+0000"
    }
  }, {
    "id" : "6f76f4e7-9c0b-4138-9371-09b36136372d",
    "name" : "Case File Characteristics note",
    "source" : "folio",
    "metadata" : {
      "createdDate" : "2020-08-10T14:55:40.195+0000",
      "updatedDate" : "2020-08-10T14:55:40.195+0000"
    }
  }, {
    "id" : "3d931c23-6ae8-4e5a-8802-dc8c2e21ea19",
    "name" : "Type of computer file or data note",
    "source" : "folio",
    "metadata" : {
      "createdDate" : "2020-08-10T14:55:40.206+0000",
      "updatedDate" : "2020-08-10T14:55:40.206+0000"
    }
  }, {
    "id" : "10e2e11b-450f-45c8-b09b-0f819999966e",
    "name" : "Summary",
    "source" : "folio",
    "metadata" : {
      "createdDate" : "2020-08-10T14:55:40.217+0000",
      "updatedDate" : "2020-08-10T14:55:40.217+0000"
    }
  }, {
    "id" : "43295b78-3bfa-4c28-bc7f-8d924f63493f",
    "name" : "Date / time and place of an event note",
    "source" : "folio",
    "metadata" : {
      "createdDate" : "2020-08-10T14:55:40.227+0000",
      "updatedDate" : "2020-08-10T14:55:40.227+0000"
    }
  }, {
    "id" : "e814a32e-02da-4773-8f3a-6629cdb7ecdf",
    "name" : "Restrictions on Access note",
    "source" : "folio",
    "metadata" : {
      "createdDate" : "2020-08-10T14:55:40.239+0000",
      "updatedDate" : "2020-08-10T14:55:40.239+0000"
    }
  }, {
    "id" : "9a4b39f4-a7d5-4c4d-abc6-5ccf1fc1d78c",
    "name" : "Location of Other Archival Materials note",
    "source" : "folio",
    "metadata" : {
      "createdDate" : "2020-08-10T14:55:40.249+0000",
      "updatedDate" : "2020-08-10T14:55:40.249+0000"
    }
  }, {
    "id" : "a6a5550f-4981-4b48-b821-a57d5c8ca3b3",
    "name" : "Accessibility note",
    "source" : "folio",
    "metadata" : {
      "createdDate" : "2020-08-10T14:55:40.260+0000",
      "updatedDate" : "2020-08-10T14:55:40.260+0000"
    }
  }, {
    "id" : "0ed2da88-3f81-42f5-b688-91b70919d9bb",
    "name" : "Exhibitions note",
    "source" : "folio",
    "metadata" : {
      "createdDate" : "2020-08-10T14:55:40.271+0000",
      "updatedDate" : "2020-08-10T14:55:40.271+0000"
    }
  }, {
    "id" : "654be0fd-bba2-4791-afa3-ae60300d7043",
    "name" : "Information related to Copyright Status",
    "source" : "folio",
    "metadata" : {
      "createdDate" : "2020-08-10T14:55:40.282+0000",
      "updatedDate" : "2020-08-10T14:55:40.282+0000"
    }
  }, {
    "id" : "06b44741-888e-4b15-a75e-cb29e27752d1",
    "name" : "With note",
    "source" : "folio",
    "metadata" : {
      "createdDate" : "2020-08-10T14:55:40.292+0000",
      "updatedDate" : "2020-08-10T14:55:40.292+0000"
    }
  }, {
    "id" : "9b56b954-7f3b-4e4b-8ed0-cf40aef13975",
    "name" : "Participant or Performer note",
    "source" : "folio",
    "metadata" : {
      "createdDate" : "2020-08-10T14:55:40.305+0000",
      "updatedDate" : "2020-08-10T14:55:40.305+0000"
    }
  }, {
    "id" : "e0ea861c-959f-4912-8579-5e9ea8a69454",
    "name" : "Publications About Described Materials note",
    "source" : "folio",
    "metadata" : {
      "createdDate" : "2020-08-10T14:55:40.316+0000",
      "updatedDate" : "2020-08-10T14:55:40.316+0000"
    }
  }, {
    "id" : "86b6e817-e1bc-42fb-bab0-70e7547de6c1",
    "name" : "Bibliography note",
    "source" : "folio",
    "metadata" : {
      "createdDate" : "2020-08-10T14:55:40.332+0000",
      "updatedDate" : "2020-08-10T14:55:40.332+0000"
    }
  }, {
    "id" : "fda2f2e3-965f-4220-8a2b-93d35ce6d582",
    "name" : "Cumulative Index / Finding Aides notes",
    "source" : "folio",
    "metadata" : {
      "createdDate" : "2020-08-10T14:55:40.344+0000",
      "updatedDate" : "2020-08-10T14:55:40.344+0000"
    }
  }, {
    "id" : "cf635f41-29e7-4dd0-8598-33f230157074",
    "name" : "Numbering peculiarities note",
    "source" : "folio",
    "metadata" : {
      "createdDate" : "2020-08-10T14:55:40.357+0000",
      "updatedDate" : "2020-08-10T14:55:40.357+0000"
    }
  }, {
    "id" : "f289c02b-9515-4c3f-b242-ffd071e82135",
    "name" : "Funding Information Note",
    "source" : "folio",
    "metadata" : {
      "createdDate" : "2020-08-10T14:55:40.367+0000",
      "updatedDate" : "2020-08-10T14:55:40.367+0000"
    }
  }, {
    "id" : "d548fdff-b71c-4359-8055-f1c008c30f01",
    "name" : "Reproduction note",
    "source" : "folio",
    "metadata" : {
      "createdDate" : "2020-08-10T14:55:40.376+0000",
      "updatedDate" : "2020-08-10T14:55:40.376+0000"
    }
  }, {
    "id" : "86c4bd09-16de-45ee-89d3-b6d32fae6de9",
    "name" : "Immediate Source of Acquisition note",
    "source" : "folio",
    "metadata" : {
      "createdDate" : "2020-08-10T14:55:40.387+0000",
      "updatedDate" : "2020-08-10T14:55:40.387+0000"
    }
  }, {
    "id" : "0dc69a30-6d2b-40df-a50e-e4982bda86f4",
    "name" : "Binding Information note",
    "source" : "folio",
    "metadata" : {
      "createdDate" : "2020-08-10T14:55:40.396+0000",
      "updatedDate" : "2020-08-10T14:55:40.396+0000"
    }
  }, {
    "id" : "5ba8e385-0e27-462e-a571-ffa1fa34ea54",
    "name" : "Formatted Contents Note",
    "source" : "folio",
    "metadata" : {
      "createdDate" : "2020-08-10T14:55:40.417+0000",
      "updatedDate" : "2020-08-10T14:55:40.417+0000"
    }
  }, {
    "id" : "e8cdc2fe-c53c-478a-a7f3-47f2fc79c6d4",
    "name" : "Awards note",
    "source" : "folio",
    "metadata" : {
      "createdDate" : "2020-08-10T14:55:40.429+0000",
      "updatedDate" : "2020-08-10T14:55:40.429+0000"
    }
  }, {
    "id" : "56cf513e-a738-40c5-a3ab-b0c60ba07e15",
    "name" : "Ownership and Custodial History note",
    "source" : "folio",
    "metadata" : {
      "createdDate" : "2020-08-10T14:55:40.441+0000",
      "updatedDate" : "2020-08-10T14:55:40.441+0000"
    }
  }, {
    "id" : "f939b820-4a23-43d1-84ba-101add6e1456",
    "name" : "Type of report and period covered note",
    "source" : "folio",
    "metadata" : {
      "createdDate" : "2020-08-10T14:55:40.451+0000",
      "updatedDate" : "2020-08-10T14:55:40.451+0000"
    }
  }, {
    "id" : "6ca9df3f-454d-4b5b-9d41-feb5d5030b99",
    "name" : "Citation / References note",
    "source" : "folio",
    "metadata" : {
      "createdDate" : "2020-08-10T14:55:40.460+0000",
      "updatedDate" : "2020-08-10T14:55:40.460+0000"
    }
  }, {
    "id" : "e6050772-1e21-49cd-94c8-76b145e86b66",
    "name" : "Zusammenfassende Bestandsangabe",
    "source" : "local",
    "metadata" : {
      "createdDate" : "2020-08-17T10:07:10.600+0000",
      "createdByUserId" : "9264bc53-160b-4193-b631-de229a5db1e5",
      "updatedDate" : "2020-08-17T10:07:10.600+0000",
      "updatedByUserId" : "9264bc53-160b-4193-b631-de229a5db1e5"
    }
  }, {
    "id" : "9b95ad67-9cd4-4591-ad63-e8d0c4f4418d",
    "name" : "Präsentationsform",
    "source" : "local",
    "metadata" : {
      "createdDate" : "2020-08-17T10:08:51.373+0000",
      "createdByUserId" : "9264bc53-160b-4193-b631-de229a5db1e5",
      "updatedDate" : "2020-08-17T10:08:51.373+0000",
      "updatedByUserId" : "9264bc53-160b-4193-b631-de229a5db1e5"
    }
  }, {
    "id" : "05905901-b79a-472a-a862-6fbe1b1b48e1",
    "name" : "Aspekte",
    "source" : "local",
    "metadata" : {
      "createdDate" : "2020-08-17T10:09:18.726+0000",
      "createdByUserId" : "9264bc53-160b-4193-b631-de229a5db1e5",
      "updatedDate" : "2020-08-17T10:09:18.726+0000",
      "updatedByUserId" : "9264bc53-160b-4193-b631-de229a5db1e5"
    }
  }, {
    "id" : "dd2a6204-359b-4363-9238-27d3c949da7d",
    "name" : "Notation+Text",
    "source" : "local",
    "metadata" : {
      "createdDate" : "2020-08-17T10:09:38.494+0000",
      "createdByUserId" : "9264bc53-160b-4193-b631-de229a5db1e5",
      "updatedDate" : "2020-08-17T10:09:38.494+0000",
      "updatedByUserId" : "9264bc53-160b-4193-b631-de229a5db1e5"
    }
  }, {
    "id" : "724a5986-dbae-410a-882a-90e6658b7cd4",
    "name" : "Alt-Notation Buch",
    "source" : "local",
    "metadata" : {
      "createdDate" : "2020-08-17T10:09:53.017+0000",
      "createdByUserId" : "9264bc53-160b-4193-b631-de229a5db1e5",
      "updatedDate" : "2020-08-17T10:09:53.017+0000",
      "updatedByUserId" : "9264bc53-160b-4193-b631-de229a5db1e5"
    }
  }, {
    "id" : "90f12b03-cf4e-4519-bff0-838599e3a9b0",
    "name" : "Anschaffungsdatum",
    "source" : "local",
    "metadata" : {
      "createdDate" : "2020-08-17T10:10:16.400+0000",
      "createdByUserId" : "9264bc53-160b-4193-b631-de229a5db1e5",
      "updatedDate" : "2020-08-17T10:10:16.400+0000",
      "updatedByUserId" : "9264bc53-160b-4193-b631-de229a5db1e5"
    }
  } ],
  "totalRecords" : 59
}