HTTP/1.1 200 OK
Server: nginx/1.10.3 (Ubuntu)
Date: Mon, 17 Aug 2020 11:42:59 GMT
Content-Type: application/json
Transfer-Encoding: chunked
Connection: keep-alive
X-Okapi-Trace: GET mod-authtoken-2.5.1 http://193.30.112.62:9171/call-number-types : 202 16753us
X-Okapi-Trace: GET mod-inventory-storage-19.3.1 http://193.30.112.62:9133/call-number-types : 200 8578us

{
  "callNumberTypes" : [ {
    "id" : "95467209-6d7b-468b-94df-0f5d7ad2747d",
    "name" : "Library of Congress classification",
    "source" : "folio",
    "metadata" : {
      "createdDate" : "2020-08-10T14:55:39.502+0000",
      "updatedDate" : "2020-08-10T14:55:39.502+0000"
    }
  }, {
    "id" : "d644be8f-deb5-4c4d-8c9e-2291b7c0f46f",
    "name" : "UDC",
    "source" : "folio",
    "metadata" : {
      "createdDate" : "2020-08-10T14:55:39.533+0000",
      "updatedDate" : "2020-08-10T14:55:39.533+0000"
    }
  }, {
    "id" : "054d460d-d6b9-4469-9e37-7a78a2266655",
    "name" : "National Library of Medicine classification",
    "source" : "folio",
    "metadata" : {
      "createdDate" : "2020-08-10T14:55:39.550+0000",
      "updatedDate" : "2020-08-10T14:55:39.550+0000"
    }
  }, {
    "id" : "03dd64d0-5626-4ecd-8ece-4531e0069f35",
    "name" : "Dewey Decimal classification",
    "source" : "folio",
    "metadata" : {
      "createdDate" : "2020-08-10T14:55:39.567+0000",
      "updatedDate" : "2020-08-10T14:55:39.567+0000"
    }
  }, {
    "id" : "827a2b64-cbf5-4296-8545-130876e4dfc0",
    "name" : "Source specified in subfield $2",
    "source" : "folio",
    "metadata" : {
      "createdDate" : "2020-08-10T14:55:39.585+0000",
      "updatedDate" : "2020-08-10T14:55:39.585+0000"
    }
  }, {
    "id" : "5ba6b62e-6858-490a-8102-5b1369873835",
    "name" : "Title",
    "source" : "folio",
    "metadata" : {
      "createdDate" : "2020-08-10T14:55:39.605+0000",
      "updatedDate" : "2020-08-10T14:55:39.605+0000"
    }
  }, {
    "id" : "28927d76-e097-4f63-8510-e56f2b7a3ad0",
    "name" : "Shelving control number",
    "source" : "folio",
    "metadata" : {
      "createdDate" : "2020-08-10T14:55:39.620+0000",
      "updatedDate" : "2020-08-10T14:55:39.620+0000"
    }
  }, {
    "id" : "cd70562c-dd0b-42f6-aa80-ce803d24d4a1",
    "name" : "Shelved separately",
    "source" : "folio",
    "metadata" : {
      "createdDate" : "2020-08-10T14:55:39.635+0000",
      "updatedDate" : "2020-08-10T14:55:39.635+0000"
    }
  }, {
    "id" : "828ae637-dfa3-4265-a1af-5279c436edff",
    "name" : "MOYS",
    "source" : "folio",
    "metadata" : {
      "createdDate" : "2020-08-10T14:55:39.648+0000",
      "updatedDate" : "2020-08-10T14:55:39.648+0000"
    }
  }, {
    "id" : "6caca63e-5651-4db6-9247-3205156e9699",
    "name" : "Other scheme",
    "source" : "folio",
    "metadata" : {
      "createdDate" : "2020-08-10T14:55:39.659+0000",
      "updatedDate" : "2020-08-10T14:55:39.659+0000"
    }
  } ],
  "totalRecords" : 13
}