HTTP/1.1 200 OK
Server: nginx/1.10.3 (Ubuntu)
Date: Mon, 17 Aug 2020 10:47:40 GMT
Content-Type: application/json
Transfer-Encoding: chunked
Connection: keep-alive
X-Okapi-Trace: GET mod-authtoken-2.5.1 http://193.30.112.62:9171/alternative-title-types.. : 202 87358us
X-Okapi-Trace: GET mod-inventory-storage-19.3.1 http://193.30.112.62:9133/alternative-title-types.. : 200 10880us

{
  "alternativeTitleTypes" : [ {
    "id" : "4bb300a4-04c9-414b-bfbc-9c032f74b7b2",
    "name" : "Parallel title",
    "source" : "folio",
    "metadata" : {
      "createdDate" : "2020-08-10T14:55:37.854+0000",
      "updatedDate" : "2020-08-10T14:55:37.854+0000"
    }
  }, {
    "id" : "30512027-cdc9-4c79-af75-1565b3bd888d",
    "name" : "Uniform title",
    "source" : "folio",
    "metadata" : {
      "createdDate" : "2020-08-10T14:55:37.954+0000",
      "updatedDate" : "2020-08-10T14:55:37.954+0000"
    }
  }, {
    "id" : "0fe58901-183e-4678-a3aa-0b4751174ba8",
    "name" : "No type specified",
    "source" : "folio",
    "metadata" : {
      "createdDate" : "2020-08-10T14:55:37.984+0000",
      "updatedDate" : "2020-08-10T14:55:37.984+0000"
    }
  }, {
    "id" : "a8b45056-2223-43ca-8514-4dd88ece984b",
    "name" : "Portion of title",
    "source" : "folio",
    "metadata" : {
      "createdDate" : "2020-08-10T14:55:38.001+0000",
      "updatedDate" : "2020-08-10T14:55:38.001+0000"
    }
  }, {
    "id" : "781c04a4-f41e-4ab0-9118-6836e93de3c8",
    "name" : "Distinctive title",
    "source" : "folio",
    "metadata" : {
      "createdDate" : "2020-08-10T14:55:38.011+0000",
      "updatedDate" : "2020-08-10T14:55:38.011+0000"
    }
  }, {
    "id" : "5c364ce4-c8fd-4891-a28d-bb91c9bcdbfb",
    "name" : "Cover title",
    "source" : "folio",
    "metadata" : {
      "createdDate" : "2020-08-10T14:55:38.022+0000",
      "updatedDate" : "2020-08-10T14:55:38.022+0000"
    }
  }, {
    "id" : "dae08d04-8c4e-4ab2-b6bb-99edbf252231",
    "name" : "Spine title",
    "source" : "folio",
    "metadata" : {
      "createdDate" : "2020-08-10T14:55:38.031+0000",
      "updatedDate" : "2020-08-10T14:55:38.031+0000"
    }
  }, {
    "id" : "09964ad1-7aed-49b8-8223-a4c105e3ef87",
    "name" : "Running title",
    "source" : "folio",
    "metadata" : {
      "createdDate" : "2020-08-10T14:55:38.052+0000",
      "updatedDate" : "2020-08-10T14:55:38.052+0000"
    }
  }, {
    "id" : "2ca8538d-a2fd-4e60-b967-1cb220101e22",
    "name" : "Added title page title",
    "source" : "folio",
    "metadata" : {
      "createdDate" : "2020-08-10T14:55:38.065+0000",
      "updatedDate" : "2020-08-10T14:55:38.065+0000"
    }
  }, {
    "id" : "2584943f-36ad-4037-a7fa-3bdebb09f452",
    "name" : "Other title",
    "source" : "folio",
    "metadata" : {
      "createdDate" : "2020-08-10T14:55:38.078+0000",
      "updatedDate" : "2020-08-10T14:55:38.078+0000"
    }
  }, {
    "id" : "432ca81a-fe4d-4249-bfd3-53388725647d",
    "name" : "Caption title",
    "source" : "folio",
    "metadata" : {
      "createdDate" : "2020-08-10T14:55:38.091+0000",
      "updatedDate" : "2020-08-10T14:55:38.091+0000"
    }
  }, {
    "id" : "adbe62ca-32f5-49d5-9c04-7bed7a363cee",
    "name" : "Zeitschriftenkürzel",
    "source" : "local",
    "metadata" : {
      "createdDate" : "2020-08-17T10:46:12.185+0000",
      "createdByUserId" : "9264bc53-160b-4193-b631-de229a5db1e5",
      "updatedDate" : "2020-08-17T10:46:12.185+0000",
      "updatedByUserId" : "9264bc53-160b-4193-b631-de229a5db1e5"
    }
  } ],
  "totalRecords" : 12
}